<?xml version="1.0" encoding="UTF-8"?>
<testng-results ignored="0" total="1" passed="1" failed="0" skipped="0">
  <reporter-output>
  </reporter-output>
  <suite started-at="2022-04-08T11:12:02 CDT" name="Default suite" finished-at="2022-04-08T11:12:02 CDT" duration-ms="139">
    <groups>
    </groups>
    <test started-at="2022-04-08T11:12:02 CDT" name="Default test" finished-at="2022-04-08T11:12:02 CDT" duration-ms="139">
      <class name="learning.AssertionsExample">
        <test-method signature="checkEqual()[pri:0, instance:learning.AssertionsExample@61d6015a]" started-at="2022-04-08T11:12:02 CDT" name="checkEqual" finished-at="2022-04-08T11:12:02 CDT" duration-ms="25" status="PASS">
          <reporter-output>
          </reporter-output>
        </test-method> <!-- checkEqual -->
      </class> <!-- learning.AssertionsExample -->
    </test> <!-- Default test -->
  </suite> <!-- Default suite -->
</testng-results>
